0 info it worked if it ends with ok
1 verbose cli [ '/usr/bin/node', '/usr/bin/npm', 'install', 'stylus' ]
2 info using npm@1.4.28
3 info using node@v0.10.37
4 verbose node symlink /usr/bin/node
5 verbose cache add [ 'stylus', null ]
6 verbose cache add name=undefined spec="stylus" args=["stylus",null]
7 verbose parsed url { protocol: null,
7 verbose parsed url   slashes: null,
7 verbose parsed url   auth: null,
7 verbose parsed url   host: null,
7 verbose parsed url   port: null,
7 verbose parsed url   hostname: null,
7 verbose parsed url   hash: null,
7 verbose parsed url   search: null,
7 verbose parsed url   query: null,
7 verbose parsed url   pathname: 'stylus',
7 verbose parsed url   path: 'stylus',
7 verbose parsed url   href: 'stylus' }
8 silly lockFile 27c0f414-stylus stylus
9 verbose lock stylus /home/midas/.npm/27c0f414-stylus.lock
10 silly lockFile 27c0f414-stylus stylus
11 silly lockFile 27c0f414-stylus stylus
12 verbose addNamed [ 'stylus', '' ]
13 verbose addNamed [ null, '*' ]
14 silly lockFile 5140332e-stylus stylus@
15 verbose lock stylus@ /home/midas/.npm/5140332e-stylus.lock
16 silly addNameRange { name: 'stylus', range: '*', hasData: false }
17 verbose request where is /stylus
18 verbose request registry https://registry.npmjs.org/
19 verbose request id 387aa62e99aa61a8
20 verbose url raw /stylus
21 verbose url resolving [ 'https://registry.npmjs.org/', './stylus' ]
22 verbose url resolved https://registry.npmjs.org/stylus
23 verbose request where is https://registry.npmjs.org/stylus
24 info trying registry request attempt 1 at 09:17:11
25 verbose etag "790LCRSP5DEN4E7XPG09P5EEP"
26 http GET https://registry.npmjs.org/stylus
27 http 200 https://registry.npmjs.org/stylus
28 silly registry.get cb [ 200,
28 silly registry.get   { server: 'CouchDB/1.5.0 (Erlang OTP/R16B03)',
28 silly registry.get     etag: '"5Z5DIH8WM0KWFMA9H9PDHVG9Z"',
28 silly registry.get     'content-type': 'application/json',
28 silly registry.get     'cache-control': 'max-age=60',
28 silly registry.get     'content-length': '181324',
28 silly registry.get     'accept-ranges': 'bytes',
28 silly registry.get     date: 'Sat, 11 Jul 2015 14:17:11 GMT',
28 silly registry.get     via: '1.1 varnish',
28 silly registry.get     age: '4',
28 silly registry.get     connection: 'keep-alive',
28 silly registry.get     'x-served-by': 'cache-atl6231-ATL',
28 silly registry.get     'x-cache': 'HIT',
28 silly registry.get     'x-cache-hits': '1',
28 silly registry.get     'x-timer': 'S1436624231.831579,VS0,VE2',
28 silly registry.get     vary: 'Accept' } ]
29 silly addNameRange number 2 { name: 'stylus', range: '*', hasData: true }
30 silly addNameRange versions [ 'stylus',
30 silly addNameRange   [ '0.0.1',
30 silly addNameRange     '0.0.2',
30 silly addNameRange     '0.1.0',
30 silly addNameRange     '0.2.0',
30 silly addNameRange     '0.2.1',
30 silly addNameRange     '0.3.0',
30 silly addNameRange     '0.3.1',
30 silly addNameRange     '0.4.0',
30 silly addNameRange     '0.4.1',
30 silly addNameRange     '0.5.0',
30 silly addNameRange     '0.5.1',
30 silly addNameRange     '0.5.2',
30 silly addNameRange     '0.5.3',
30 silly addNameRange     '0.6.0',
30 silly addNameRange     '0.6.2',
30 silly addNameRange     '0.6.3',
30 silly addNameRange     '0.6.4',
30 silly addNameRange     '0.6.5',
30 silly addNameRange     '0.6.6',
30 silly addNameRange     '0.6.7',
30 silly addNameRange     '0.7.0',
30 silly addNameRange     '0.7.1',
30 silly addNameRange     '0.7.2',
30 silly addNameRange     '0.7.3',
30 silly addNameRange     '0.7.4',
30 silly addNameRange     '0.8.0',
30 silly addNameRange     '0.9.0',
30 silly addNameRange     '0.9.1',
30 silly addNameRange     '0.9.2',
30 silly addNameRange     '0.10.0',
30 silly addNameRange     '0.11.0',
30 silly addNameRange     '0.11.1',
30 silly addNameRange     '0.11.2',
30 silly addNameRange     '0.11.3',
30 silly addNameRange     '0.11.4',
30 silly addNameRange     '0.11.5',
30 silly addNameRange     '0.11.6',
30 silly addNameRange     '0.11.7',
30 silly addNameRange     '0.11.8',
30 silly addNameRange     '0.11.9',
30 silly addNameRange     '0.11.10',
30 silly addNameRange     '0.11.11',
30 silly addNameRange     '0.11.12',
30 silly addNameRange     '0.12.0',
30 silly addNameRange     '0.12.1',
30 silly addNameRange     '0.12.2',
30 silly addNameRange     '0.12.3',
30 silly addNameRange     '0.12.4',
30 silly addNameRange     '0.13.0',
30 silly addNameRange     '0.13.1',
30 silly addNameRange     '0.13.2',
30 silly addNameRange     '0.13.3',
30 silly addNameRange     '0.13.4',
30 silly addNameRange     '0.13.5',
30 silly addNameRange     '0.13.6',
30 silly addNameRange     '0.13.7',
30 silly addNameRange     '0.13.8',
30 silly addNameRange     '0.13.9',
30 silly addNameRange     '0.14.0',
30 silly addNameRange     '0.15.0',
30 silly addNameRange     '0.15.1',
30 silly addNameRange     '0.15.2',
30 silly addNameRange     '0.15.3',
30 silly addNameRange     '0.15.4',
30 silly addNameRange     '0.16.0',
30 silly addNameRange     '0.17.0',
30 silly addNameRange     '0.18.0',
30 silly addNameRange     '0.19.0',
30 silly addNameRange     '0.19.1',
30 silly addNameRange     '0.19.2',
30 silly addNameRange     '0.19.3',
30 silly addNameRange     '0.19.4',
30 silly addNameRange     '0.19.5',
30 silly addNameRange     '0.19.6',
30 silly addNameRange     '0.19.7',
30 silly addNameRange     '0.19.8',
30 silly addNameRange     '0.20.0',
30 silly addNameRange     '0.20.1',
30 silly addNameRange     '0.21.0',
30 silly addNameRange     '0.21.1',
30 silly addNameRange     '0.21.2',
30 silly addNameRange     '0.22.0',
30 silly addNameRange     '0.22.1',
30 silly addNameRange     '0.22.2',
30 silly addNameRange     '0.22.3',
30 silly addNameRange     '0.22.4',
30 silly addNameRange     '0.22.5',
30 silly addNameRange     '0.22.6',
30 silly addNameRange     '0.23.0',
30 silly addNameRange     '0.24.0',
30 silly addNameRange     '0.25.0',
30 silly addNameRange     '0.26.0',
30 silly addNameRange     '0.26.1',
30 silly addNameRange     '0.27.0',
30 silly addNameRange     '0.27.1',
30 silly addNameRange     '0.27.2',
30 silly addNameRange     '0.28.0',
30 silly addNameRange     '0.28.1',
30 silly addNameRange     '0.28.2',
30 silly addNameRange     '0.29.0',
30 silly addNameRange     '0.30.0',
30 silly addNameRange     '0.30.1',
30 silly addNameRange     '0.31.0',
30 silly addNameRange     '0.32.0',
30 silly addNameRange     '0.32.1',
30 silly addNameRange     '0.33.0',
30 silly addNameRange     '0.33.1',
30 silly addNameRange     '0.34.0',
30 silly addNameRange     '0.34.1',
30 silly addNameRange     '0.35.0',
30 silly addNameRange     '0.35.1',
30 silly addNameRange     '0.36.0',
30 silly addNameRange     '0.36.1',
30 silly addNameRange     '0.37.0',
30 silly addNameRange     '0.38.0',
30 silly addNameRange     '0.39.0',
30 silly addNameRange     '0.39.1',
30 silly addNameRange     '0.39.2',
30 silly addNameRange     '0.39.3',
30 silly addNameRange     '0.39.4',
30 silly addNameRange     '0.40.0',
30 silly addNameRange     '0.40.1',
30 silly addNameRange     '0.40.2',
30 silly addNameRange     '0.40.3',
30 silly addNameRange     '0.41.0',
30 silly addNameRange     '0.41.1',
30 silly addNameRange     '0.41.2',
30 silly addNameRange     '0.41.3',
30 silly addNameRange     '0.42.0',
30 silly addNameRange     '0.42.1',
30 silly addNameRange     '0.42.2',
30 silly addNameRange     '0.42.3',
30 silly addNameRange     '0.43.0',
30 silly addNameRange     '0.44.0-beta',
30 silly addNameRange     '0.43.1',
30 silly addNameRange     '0.44.0-beta2',
30 silly addNameRange     '0.44.0-beta3',
30 silly addNameRange     '0.44.0',
30 silly addNameRange     '0.45.0',
30 silly addNameRange     '0.45.1',
30 silly addNameRange     '0.46.0',
30 silly addNameRange     '0.46.1',
30 silly addNameRange     '0.46.2',
30 silly addNameRange     '0.46.3',
30 silly addNameRange     '0.47.0',
30 silly addNameRange     '0.47.1',
30 silly addNameRange     '0.47.2',
30 silly addNameRange     '0.47.3',
30 silly addNameRange     '0.48.0',
30 silly addNameRange     '0.48.1',
30 silly addNameRange     '0.49.0',
30 silly addNameRange     '0.49.1',
30 silly addNameRange     '0.49.2',
30 silly addNameRange     '0.49.3',
30 silly addNameRange     '0.50.0',
30 silly addNameRange     '0.51.0',
30 silly addNameRange     '0.51.1' ] ]
31 verbose addNamed [ 'stylus', '0.51.1' ]
32 verbose addNamed [ '0.51.1', '0.51.1' ]
33 silly lockFile a5093493-stylus-0-51-1 stylus@0.51.1
34 verbose lock stylus@0.51.1 /home/midas/.npm/a5093493-stylus-0-51-1.lock
35 silly lockFile 874d7324-mjs-org-stylus-stylus-0-51-1-tgz https://registry.npmjs.org/stylus/-/stylus-0.51.1.tgz
36 verbose lock https://registry.npmjs.org/stylus/-/stylus-0.51.1.tgz /home/midas/.npm/874d7324-mjs-org-stylus-stylus-0-51-1-tgz.lock
37 verbose addRemoteTarball [ 'https://registry.npmjs.org/stylus/-/stylus-0.51.1.tgz',
37 verbose addRemoteTarball   'd75c405c1d87d5e00ca5758d311cd79360f0fb99' ]
38 info retry fetch attempt 1 at 09:17:12
39 verbose fetch to= /tmp/npm-4244-wfT_X1cr/registry.npmjs.org/stylus/-/stylus-0.51.1.tgz
40 http GET https://registry.npmjs.org/stylus/-/stylus-0.51.1.tgz
41 http 200 https://registry.npmjs.org/stylus/-/stylus-0.51.1.tgz
42 silly lockFile 874d7324-mjs-org-stylus-stylus-0-51-1-tgz https://registry.npmjs.org/stylus/-/stylus-0.51.1.tgz
43 silly lockFile 874d7324-mjs-org-stylus-stylus-0-51-1-tgz https://registry.npmjs.org/stylus/-/stylus-0.51.1.tgz
44 silly lockFile a5093493-stylus-0-51-1 stylus@0.51.1
45 silly lockFile a5093493-stylus-0-51-1 stylus@0.51.1
46 silly lockFile 5140332e-stylus stylus@
47 silly lockFile 5140332e-stylus stylus@
48 error Error: EACCES, mkdir '/home/midas/.npm/stylus/0.51.1'
48 error  { [Error: EACCES, mkdir '/home/midas/.npm/stylus/0.51.1']
48 error   errno: 3,
48 error   code: 'EACCES',
48 error   path: '/home/midas/.npm/stylus/0.51.1' }
49 error Please try running this command again as root/Administrator.
50 error System Linux 3.13.0-57-generic
51 error command "/usr/bin/node" "/usr/bin/npm" "install" "stylus"
52 error cwd /home/midas/oportunidapp/static
53 error node -v v0.10.37
54 error npm -v 1.4.28
55 error path /home/midas/.npm/stylus/0.51.1
56 error code EACCES
57 error errno 3
58 error stack Error: EACCES, mkdir '/home/midas/.npm/stylus/0.51.1'
59 verbose exit [ 3, true ]
